<?xml version="1.0" encoding="UTF-8"?>
<coverage generated="1535199545200" clover="3.2.0">
  <project timestamp="1535199545200" name="All files">
    <metrics statements="62" coveredstatements="54" conditionals="6" coveredconditionals="5" methods="37" coveredmethods="30" elements="105" coveredelements="89" complexity="0" loc="62" ncloc="62" packages="4" files="7" classes="7">
      <package name="src.app.components">
        <metrics statements="9" coveredstatements="9" conditionals="0" coveredconditionals="0" methods="6" coveredmethods="6"/>
        <file name="Calc.js" path="/Users/krish/workshops/mindtree/mobx-workshop/src/app/components/Calc.js">
          <metrics statements="9" coveredstatements="9" conditionals="0" coveredconditionals="0" methods="6" coveredmethods="6"/>
          <line num="14" count="3" type="stmt"/>
          <line num="20" count="3" type="stmt"/>
          <line num="26" count="1" type="stmt"/>
          <line num="33" count="1" type="stmt"/>
          <line num="37" count="20" type="stmt"/>
          <line num="38" count="20" type="stmt"/>
          <line num="57" count="6" type="stmt"/>
          <line num="75" count="1" type="stmt"/>
          <line num="79" count="1" type="stmt"/>
        </file>
      </package>
      <package name="src.app.product.state">
        <metrics statements="22" coveredstatements="16" conditionals="0" coveredconditionals="0" methods="16" coveredmethods="11"/>
        <file name="ProductState.js" path="/Users/krish/workshops/mindtree/mobx-workshop/src/app/product/state/ProductState.js">
          <metrics statements="15" coveredstatements="9" conditionals="0" coveredconditionals="0" methods="10" coveredmethods="5"/>
          <line num="22" count="1" type="stmt"/>
          <line num="23" count="1" type="stmt"/>
          <line num="24" count="1" type="stmt"/>
          <line num="29" count="0" type="stmt"/>
          <line num="34" count="1" type="stmt"/>
          <line num="36" count="1" type="stmt"/>
          <line num="38" count="1" type="stmt"/>
          <line num="39" count="0" type="stmt"/>
          <line num="44" count="0" type="stmt"/>
          <line num="49" count="0" type="stmt"/>
          <line num="75" count="1" type="stmt"/>
          <line num="90" count="1" type="stmt"/>
          <line num="91" count="1" type="stmt"/>
          <line num="97" count="0" type="stmt"/>
          <line num="98" count="0" type="stmt"/>
        </file>
        <file name="Service.js" path="/Users/krish/workshops/mindtree/mobx-workshop/src/app/product/state/Service.js">
          <metrics statements="7" coveredstatements="7" conditionals="0" coveredconditionals="0" methods="6" coveredmethods="6"/>
          <line num="4" count="1" type="stmt"/>
          <line num="8" count="1" type="stmt"/>
          <line num="9" count="1" type="stmt"/>
          <line num="13" count="1" type="stmt"/>
          <line num="14" count="1" type="stmt"/>
          <line num="18" count="1" type="stmt"/>
          <line num="19" count="1" type="stmt"/>
        </file>
      </package>
      <package name="src.app.state">
        <metrics statements="21" coveredstatements="21" conditionals="4" coveredconditionals="3" methods="10" coveredmethods="10"/>
        <file name="Calculator.js" path="/Users/krish/workshops/mindtree/mobx-workshop/src/app/state/Calculator.js">
          <metrics statements="21" coveredstatements="21" conditionals="4" coveredconditionals="3" methods="10" coveredmethods="10"/>
          <line num="12" count="2" type="stmt"/>
          <line num="14" count="2" type="cond" truecount="2" falsecount="0"/>
          <line num="18" count="11" type="stmt"/>
          <line num="19" count="7" type="stmt"/>
          <line num="23" count="7" type="stmt"/>
          <line num="30" count="4" type="stmt"/>
          <line num="36" count="4" type="stmt"/>
          <line num="42" count="1" type="stmt"/>
          <line num="48" count="11" type="stmt"/>
          <line num="49" count="11" type="stmt"/>
          <line num="50" count="11" type="stmt"/>
          <line num="51" count="4" type="stmt"/>
          <line num="53" count="11" type="stmt"/>
          <line num="58" count="9" type="stmt"/>
          <line num="59" count="9" type="stmt"/>
          <line num="64" count="9" type="stmt"/>
          <line num="65" count="9" type="stmt"/>
          <line num="66" count="9" type="stmt"/>
          <line num="67" count="3" type="cond" truecount="1" falsecount="1"/>
          <line num="68" count="3" type="stmt"/>
          <line num="70" count="9" type="stmt"/>
        </file>
      </package>
      <package name="test-config">
        <metrics statements="10" coveredstatements="8" conditionals="2" coveredconditionals="2" methods="5" coveredmethods="3"/>
        <file name="browser-mocks.js" path="/Users/krish/workshops/mindtree/mobx-workshop/test-config/browser-mocks.js">
          <metrics statements="7" coveredstatements="6" conditionals="2" coveredconditionals="2" methods="4" coveredmethods="3"/>
          <line num="2" count="3" type="stmt"/>
          <line num="3" count="3" type="stmt"/>
          <line num="5" count="3" type="stmt"/>
          <line num="7" count="2" type="cond" truecount="2" falsecount="0"/>
          <line num="10" count="7" type="stmt"/>
          <line num="13" count="0" type="stmt"/>
          <line num="19" count="3" type="stmt"/>
        </file>
        <file name="setupTests.js" path="/Users/krish/workshops/mindtree/mobx-workshop/test-config/setupTests.js">
          <metrics statements="1" coveredstatements="1" conditionals="0" coveredconditionals="0" methods="0" coveredmethods="0"/>
          <line num="7" count="3" type="stmt"/>
        </file>
        <file name="shim.js" path="/Users/krish/workshops/mindtree/mobx-workshop/test-config/shim.js">
          <metrics statements="2" coveredstatements="1" conditionals="0" coveredconditionals="0" methods="1" coveredmethods="0"/>
          <line num="4" count="3" type="stmt"/>
          <line num="5" count="0" type="stmt"/>
        </file>
      </package>
    </metrics>
  </project>
</coverage>
