{"/Users/krish/workshops/mindtree/mobx-workshop/src/app/components/Calc.js": {"path":"/Users/krish/workshops/mindtree/mobx-workshop/src/app/components/Calc.js","statementMap":{"0":{"start":{"line":14,"column":8},"end":{"line":14,"column":21}},"1":{"start":{"line":20,"column":8},"end":{"line":22,"column":48}},"2":{"start":{"line":26,"column":8},"end":{"line":26,"column":38}},"3":{"start":{"line":33,"column":8},"end":{"line":33,"column":36}},"4":{"start":{"line":37,"column":8},"end":{"line":37,"column":35}},"5":{"start":{"line":38,"column":8},"end":{"line":70,"column":9}},"6":{"start":{"line":57,"column":24},"end":{"line":59,"column":29}},"7":{"start":{"line":75,"column":0},"end":{"line":77,"column":1}},"8":{"start":{"line":79,"column":0},"end":{"line":81,"column":1}}},"fnMap":{"0":{"name":"(anonymous_0)","decl":{"start":{"line":13,"column":4},"end":{"line":13,"column":5}},"loc":{"start":{"line":13,"column":23},"end":{"line":15,"column":5}},"line":13},"1":{"name":"(anonymous_1)","decl":{"start":{"line":19,"column":10},"end":{"line":19,"column":11}},"loc":{"start":{"line":19,"column":16},"end":{"line":23,"column":5}},"line":19},"2":{"name":"(anonymous_2)","decl":{"start":{"line":25,"column":12},"end":{"line":25,"column":13}},"loc":{"start":{"line":25,"column":18},"end":{"line":27,"column":5}},"line":25},"3":{"name":"(anonymous_3)","decl":{"start":{"line":29,"column":10},"end":{"line":29,"column":11}},"loc":{"start":{"line":29,"column":16},"end":{"line":34,"column":5}},"line":29},"4":{"name":"(anonymous_4)","decl":{"start":{"line":36,"column":4},"end":{"line":36,"column":5}},"loc":{"start":{"line":36,"column":13},"end":{"line":71,"column":5}},"line":36},"5":{"name":"(anonymous_5)","decl":{"start":{"line":56,"column":35},"end":{"line":56,"column":36}},"loc":{"start":{"line":57,"column":24},"end":{"line":59,"column":29}},"line":57}},"branchMap":{},"s":{"0":3,"1":3,"2":1,"3":1,"4":20,"5":20,"6":6,"7":1,"8":1},"f":{"0":3,"1":3,"2":1,"3":1,"4":20,"5":6},"b":{},"_coverageSchema":"332fd63041d2c1bcb487cc26dd0d5f7d97098a6c","hash":"3ffddeff56a81d198eae83addd38ea84bbe40a95"}
,"/Users/krish/workshops/mindtree/mobx-workshop/src/app/product/state/ProductState.js": {"path":"/Users/krish/workshops/mindtree/mobx-workshop/src/app/product/state/ProductState.js","statementMap":{"0":{"start":{"line":22,"column":8},"end":{"line":22,"column":31}},"1":{"start":{"line":23,"column":8},"end":{"line":23,"column":33}},"2":{"start":{"line":24,"column":8},"end":{"line":24,"column":29}},"3":{"start":{"line":29,"column":8},"end":{"line":29,"column":30}},"4":{"start":{"line":34,"column":8},"end":{"line":34,"column":28}},"5":{"start":{"line":36,"column":8},"end":{"line":39,"column":53}},"6":{"start":{"line":38,"column":31},"end":{"line":38,"column":57}},"7":{"start":{"line":39,"column":30},"end":{"line":39,"column":52}},"8":{"start":{"line":44,"column":8},"end":{"line":44,"column":29}},"9":{"start":{"line":49,"column":8},"end":{"line":49,"column":31}},"10":{"start":{"line":75,"column":8},"end":{"line":92,"column":11}},"11":{"start":{"line":90,"column":12},"end":{"line":90,"column":38}},"12":{"start":{"line":91,"column":12},"end":{"line":91,"column":37}},"13":{"start":{"line":97,"column":8},"end":{"line":97,"column":47}},"14":{"start":{"line":98,"column":8},"end":{"line":98,"column":27}}},"fnMap":{"0":{"name":"(anonymous_0)","decl":{"start":{"line":21,"column":4},"end":{"line":21,"column":5}},"loc":{"start":{"line":21,"column":26},"end":{"line":25,"column":5}},"line":21},"1":{"name":"(anonymous_1)","decl":{"start":{"line":28,"column":4},"end":{"line":28,"column":5}},"loc":{"start":{"line":28,"column":24},"end":{"line":30,"column":5}},"line":28},"2":{"name":"(anonymous_2)","decl":{"start":{"line":33,"column":4},"end":{"line":33,"column":5}},"loc":{"start":{"line":33,"column":18},"end":{"line":40,"column":5}},"line":33},"3":{"name":"(anonymous_3)","decl":{"start":{"line":38,"column":19},"end":{"line":38,"column":20}},"loc":{"start":{"line":38,"column":31},"end":{"line":38,"column":57}},"line":38},"4":{"name":"(anonymous_4)","decl":{"start":{"line":39,"column":21},"end":{"line":39,"column":22}},"loc":{"start":{"line":39,"column":30},"end":{"line":39,"column":52}},"line":39},"5":{"name":"(anonymous_5)","decl":{"start":{"line":43,"column":4},"end":{"line":43,"column":5}},"loc":{"start":{"line":43,"column":22},"end":{"line":45,"column":5}},"line":43},"6":{"name":"(anonymous_6)","decl":{"start":{"line":48,"column":4},"end":{"line":48,"column":5}},"loc":{"start":{"line":48,"column":24},"end":{"line":50,"column":5}},"line":48},"7":{"name":"(anonymous_7)","decl":{"start":{"line":74,"column":4},"end":{"line":74,"column":5}},"loc":{"start":{"line":74,"column":19},"end":{"line":93,"column":5}},"line":74},"8":{"name":"(anonymous_8)","decl":{"start":{"line":87,"column":39},"end":{"line":87,"column":40}},"loc":{"start":{"line":87,"column":50},"end":{"line":92,"column":9}},"line":87},"9":{"name":"(anonymous_9)","decl":{"start":{"line":96,"column":4},"end":{"line":96,"column":5}},"loc":{"start":{"line":96,"column":19},"end":{"line":99,"column":5}},"line":96}},"branchMap":{},"s":{"0":1,"1":1,"2":1,"3":0,"4":1,"5":1,"6":1,"7":0,"8":0,"9":0,"10":1,"11":1,"12":1,"13":0,"14":0},"f":{"0":1,"1":0,"2":1,"3":1,"4":0,"5":0,"6":0,"7":1,"8":1,"9":0},"b":{},"_coverageSchema":"332fd63041d2c1bcb487cc26dd0d5f7d97098a6c","hash":"c052adf84c0a36e93b44ba92c9b1d768299cc724"}
,"/Users/krish/workshops/mindtree/mobx-workshop/src/app/product/state/Service.js": {"path":"/Users/krish/workshops/mindtree/mobx-workshop/src/app/product/state/Service.js","statementMap":{"0":{"start":{"line":4,"column":0},"end":{"line":4,"column":27}},"1":{"start":{"line":8,"column":8},"end":{"line":9,"column":51}},"2":{"start":{"line":9,"column":35},"end":{"line":9,"column":50}},"3":{"start":{"line":13,"column":8},"end":{"line":14,"column":51}},"4":{"start":{"line":14,"column":35},"end":{"line":14,"column":50}},"5":{"start":{"line":18,"column":8},"end":{"line":19,"column":51}},"6":{"start":{"line":19,"column":35},"end":{"line":19,"column":50}}},"fnMap":{"0":{"name":"(anonymous_0)","decl":{"start":{"line":7,"column":4},"end":{"line":7,"column":5}},"loc":{"start":{"line":7,"column":25},"end":{"line":10,"column":5}},"line":7},"1":{"name":"(anonymous_1)","decl":{"start":{"line":9,"column":23},"end":{"line":9,"column":24}},"loc":{"start":{"line":9,"column":35},"end":{"line":9,"column":50}},"line":9},"2":{"name":"(anonymous_2)","decl":{"start":{"line":12,"column":4},"end":{"line":12,"column":5}},"loc":{"start":{"line":12,"column":23},"end":{"line":15,"column":5}},"line":12},"3":{"name":"(anonymous_3)","decl":{"start":{"line":14,"column":23},"end":{"line":14,"column":24}},"loc":{"start":{"line":14,"column":35},"end":{"line":14,"column":50}},"line":14},"4":{"name":"(anonymous_4)","decl":{"start":{"line":17,"column":4},"end":{"line":17,"column":5}},"loc":{"start":{"line":17,"column":26},"end":{"line":20,"column":5}},"line":17},"5":{"name":"(anonymous_5)","decl":{"start":{"line":19,"column":23},"end":{"line":19,"column":24}},"loc":{"start":{"line":19,"column":35},"end":{"line":19,"column":50}},"line":19}},"branchMap":{},"s":{"0":1,"1":1,"2":1,"3":1,"4":1,"5":1,"6":1},"f":{"0":1,"1":1,"2":1,"3":1,"4":1,"5":1},"b":{},"_coverageSchema":"332fd63041d2c1bcb487cc26dd0d5f7d97098a6c","hash":"d1fd4dac5ce351caa3dad7cf8ad49a45b7001aa3"}
,"/Users/krish/workshops/mindtree/mobx-workshop/src/app/state/Calculator.js": {"path":"/Users/krish/workshops/mindtree/mobx-workshop/src/app/state/Calculator.js","statementMap":{"0":{"start":{"line":12,"column":28},"end":{"line":12,"column":59}},"1":{"start":{"line":14,"column":8},"end":{"line":14,"column":53}},"2":{"start":{"line":18,"column":8},"end":{"line":19,"column":41}},"3":{"start":{"line":18,"column":24},"end":{"line":18,"column":43}},"4":{"start":{"line":19,"column":24},"end":{"line":19,"column":39}},"5":{"start":{"line":23,"column":8},"end":{"line":24,"column":50}},"6":{"start":{"line":30,"column":8},"end":{"line":30,"column":29}},"7":{"start":{"line":36,"column":8},"end":{"line":36,"column":25}},"8":{"start":{"line":42,"column":8},"end":{"line":42,"column":27}},"9":{"start":{"line":48,"column":8},"end":{"line":48,"column":42}},"10":{"start":{"line":49,"column":20},"end":{"line":49,"column":21}},"11":{"start":{"line":50,"column":8},"end":{"line":52,"column":9}},"12":{"start":{"line":51,"column":12},"end":{"line":51,"column":23}},"13":{"start":{"line":53,"column":8},"end":{"line":53,"column":21}},"14":{"start":{"line":58,"column":8},"end":{"line":58,"column":42}},"15":{"start":{"line":59,"column":8},"end":{"line":59,"column":45}},"16":{"start":{"line":64,"column":8},"end":{"line":64,"column":42}},"17":{"start":{"line":65,"column":22},"end":{"line":65,"column":30}},"18":{"start":{"line":66,"column":8},"end":{"line":69,"column":9}},"19":{"start":{"line":67,"column":12},"end":{"line":68,"column":29}},"20":{"start":{"line":68,"column":17},"end":{"line":68,"column":29}},"21":{"start":{"line":70,"column":8},"end":{"line":70,"column":23}}},"fnMap":{"0":{"name":"(anonymous_0)","decl":{"start":{"line":11,"column":4},"end":{"line":11,"column":5}},"loc":{"start":{"line":11,"column":18},"end":{"line":20,"column":5}},"line":11},"1":{"name":"(anonymous_1)","decl":{"start":{"line":18,"column":18},"end":{"line":18,"column":19}},"loc":{"start":{"line":18,"column":24},"end":{"line":18,"column":43}},"line":18},"2":{"name":"(anonymous_2)","decl":{"start":{"line":19,"column":18},"end":{"line":19,"column":19}},"loc":{"start":{"line":19,"column":24},"end":{"line":19,"column":39}},"line":19},"3":{"name":"(anonymous_3)","decl":{"start":{"line":22,"column":4},"end":{"line":22,"column":5}},"loc":{"start":{"line":22,"column":15},"end":{"line":25,"column":5}},"line":22},"4":{"name":"(anonymous_4)","decl":{"start":{"line":29,"column":4},"end":{"line":29,"column":5}},"loc":{"start":{"line":29,"column":11},"end":{"line":31,"column":5}},"line":29},"5":{"name":"(anonymous_5)","decl":{"start":{"line":35,"column":4},"end":{"line":35,"column":5}},"loc":{"start":{"line":35,"column":12},"end":{"line":37,"column":5}},"line":35},"6":{"name":"(anonymous_6)","decl":{"start":{"line":41,"column":4},"end":{"line":41,"column":5}},"loc":{"start":{"line":41,"column":10},"end":{"line":43,"column":5}},"line":41},"7":{"name":"(anonymous_7)","decl":{"start":{"line":47,"column":15},"end":{"line":47,"column":16}},"loc":{"start":{"line":47,"column":25},"end":{"line":54,"column":5}},"line":47},"8":{"name":"(anonymous_8)","decl":{"start":{"line":57,"column":14},"end":{"line":57,"column":15}},"loc":{"start":{"line":57,"column":24},"end":{"line":60,"column":5}},"line":57},"9":{"name":"(anonymous_9)","decl":{"start":{"line":63,"column":15},"end":{"line":63,"column":16}},"loc":{"start":{"line":63,"column":25},"end":{"line":71,"column":5}},"line":63}},"branchMap":{"0":{"loc":{"start":{"line":14,"column":23},"end":{"line":14,"column":52}},"type":"binary-expr","locations":[{"start":{"line":14,"column":23},"end":{"line":14,"column":46}},{"start":{"line":14,"column":50},"end":{"line":14,"column":52}}],"line":14},"1":{"loc":{"start":{"line":67,"column":12},"end":{"line":68,"column":29}},"type":"if","locations":[{"start":{"line":67,"column":12},"end":{"line":68,"column":29}},{"start":{"line":67,"column":12},"end":{"line":68,"column":29}}],"line":67}},"s":{"0":2,"1":2,"2":2,"3":11,"4":7,"5":7,"6":4,"7":4,"8":1,"9":11,"10":11,"11":11,"12":4,"13":11,"14":9,"15":9,"16":9,"17":9,"18":9,"19":3,"20":3,"21":9},"f":{"0":2,"1":11,"2":7,"3":7,"4":4,"5":4,"6":1,"7":11,"8":9,"9":9},"b":{"0":[2,2],"1":[3,0]},"_coverageSchema":"332fd63041d2c1bcb487cc26dd0d5f7d97098a6c","hash":"08cee79b07c522f8f89aecf3e5ab6fd26c5384e0"}
,"/Users/krish/workshops/mindtree/mobx-workshop/test-config/browser-mocks.js": {"path":"/Users/krish/workshops/mindtree/mobx-workshop/test-config/browser-mocks.js","statementMap":{"0":{"start":{"line":2,"column":23},"end":{"line":17,"column":4}},"1":{"start":{"line":3,"column":16},"end":{"line":3,"column":18}},"2":{"start":{"line":5,"column":4},"end":{"line":15,"column":6}},"3":{"start":{"line":7,"column":12},"end":{"line":7,"column":38}},"4":{"start":{"line":10,"column":12},"end":{"line":10,"column":42}},"5":{"start":{"line":13,"column":12},"end":{"line":13,"column":23}},"6":{"start":{"line":19,"column":0},"end":{"line":21,"column":3}}},"fnMap":{"0":{"name":"(anonymous_0)","decl":{"start":{"line":2,"column":24},"end":{"line":2,"column":25}},"loc":{"start":{"line":2,"column":35},"end":{"line":17,"column":1}},"line":2},"1":{"name":"(anonymous_1)","decl":{"start":{"line":6,"column":17},"end":{"line":6,"column":18}},"loc":{"start":{"line":6,"column":31},"end":{"line":8,"column":9}},"line":6},"2":{"name":"(anonymous_2)","decl":{"start":{"line":9,"column":17},"end":{"line":9,"column":18}},"loc":{"start":{"line":9,"column":38},"end":{"line":11,"column":9}},"line":9},"3":{"name":"(anonymous_3)","decl":{"start":{"line":12,"column":15},"end":{"line":12,"column":16}},"loc":{"start":{"line":12,"column":26},"end":{"line":14,"column":9}},"line":12}},"branchMap":{"0":{"loc":{"start":{"line":7,"column":19},"end":{"line":7,"column":37}},"type":"binary-expr","locations":[{"start":{"line":7,"column":19},"end":{"line":7,"column":29}},{"start":{"line":7,"column":33},"end":{"line":7,"column":37}}],"line":7}},"s":{"0":3,"1":3,"2":3,"3":2,"4":7,"5":0,"6":3},"f":{"0":3,"1":2,"2":7,"3":0},"b":{"0":[2,2]},"_coverageSchema":"332fd63041d2c1bcb487cc26dd0d5f7d97098a6c","hash":"8189ce9d6740c62a16ea91c717ad2e702da152d3"}
,"/Users/krish/workshops/mindtree/mobx-workshop/test-config/setupTests.js": {"path":"/Users/krish/workshops/mindtree/mobx-workshop/test-config/setupTests.js","statementMap":{"0":{"start":{"line":7,"column":0},"end":{"line":7,"column":38}}},"fnMap":{},"branchMap":{},"s":{"0":3},"f":{},"b":{},"_coverageSchema":"332fd63041d2c1bcb487cc26dd0d5f7d97098a6c","hash":"8929650d781090bbbda3491acd1404c6e4f4f76f"}
,"/Users/krish/workshops/mindtree/mobx-workshop/test-config/shim.js": {"path":"/Users/krish/workshops/mindtree/mobx-workshop/test-config/shim.js","statementMap":{"0":{"start":{"line":4,"column":12},"end":{"line":6,"column":1}},"1":{"start":{"line":5,"column":4},"end":{"line":5,"column":21}}},"fnMap":{"0":{"name":"(anonymous_0)","decl":{"start":{"line":4,"column":43},"end":{"line":4,"column":44}},"loc":{"start":{"line":4,"column":51},"end":{"line":6,"column":1}},"line":4}},"branchMap":{},"s":{"0":3,"1":0},"f":{"0":0},"b":{},"_coverageSchema":"332fd63041d2c1bcb487cc26dd0d5f7d97098a6c","hash":"093b709362a10b3bb8242df74d5429b0acc82bd0"}
}
