TN:
SF:/Users/krish/workshops/mindtree/mobx-workshop/src/app/components/Calc.js
FN:13,(anonymous_0)
FN:19,(anonymous_1)
FN:25,(anonymous_2)
FN:29,(anonymous_3)
FN:36,(anonymous_4)
FN:56,(anonymous_5)
FNF:6
FNH:6
FNDA:3,(anonymous_0)
FNDA:3,(anonymous_1)
FNDA:1,(anonymous_2)
FNDA:1,(anonymous_3)
FNDA:20,(anonymous_4)
FNDA:6,(anonymous_5)
DA:14,3
DA:20,3
DA:26,1
DA:33,1
DA:37,20
DA:38,20
DA:57,6
DA:75,1
DA:79,1
LF:9
LH:9
BRF:0
BRH:0
end_of_record
TN:
SF:/Users/krish/workshops/mindtree/mobx-workshop/src/app/product/state/ProductState.js
FN:21,(anonymous_0)
FN:28,(anonymous_1)
FN:33,(anonymous_2)
FN:38,(anonymous_3)
FN:39,(anonymous_4)
FN:43,(anonymous_5)
FN:48,(anonymous_6)
FN:74,(anonymous_7)
FN:87,(anonymous_8)
FN:96,(anonymous_9)
FNF:10
FNH:5
FNDA:1,(anonymous_0)
FNDA:0,(anonymous_1)
FNDA:1,(anonymous_2)
FNDA:1,(anonymous_3)
FNDA:0,(anonymous_4)
FNDA:0,(anonymous_5)
FNDA:0,(anonymous_6)
FNDA:1,(anonymous_7)
FNDA:1,(anonymous_8)
FNDA:0,(anonymous_9)
DA:22,1
DA:23,1
DA:24,1
DA:29,0
DA:34,1
DA:36,1
DA:38,1
DA:39,0
DA:44,0
DA:49,0
DA:75,1
DA:90,1
DA:91,1
DA:97,0
DA:98,0
LF:15
LH:9
BRF:0
BRH:0
end_of_record
TN:
SF:/Users/krish/workshops/mindtree/mobx-workshop/src/app/product/state/Service.js
FN:7,(anonymous_0)
FN:9,(anonymous_1)
FN:12,(anonymous_2)
FN:14,(anonymous_3)
FN:17,(anonymous_4)
FN:19,(anonymous_5)
FNF:6
FNH:6
FNDA:1,(anonymous_0)
FNDA:1,(anonymous_1)
FNDA:1,(anonymous_2)
FNDA:1,(anonymous_3)
FNDA:1,(anonymous_4)
FNDA:1,(anonymous_5)
DA:4,1
DA:8,1
DA:9,1
DA:13,1
DA:14,1
DA:18,1
DA:19,1
LF:7
LH:7
BRF:0
BRH:0
end_of_record
TN:
SF:/Users/krish/workshops/mindtree/mobx-workshop/src/app/state/Calculator.js
FN:11,(anonymous_0)
FN:18,(anonymous_1)
FN:19,(anonymous_2)
FN:22,(anonymous_3)
FN:29,(anonymous_4)
FN:35,(anonymous_5)
FN:41,(anonymous_6)
FN:47,(anonymous_7)
FN:57,(anonymous_8)
FN:63,(anonymous_9)
FNF:10
FNH:10
FNDA:2,(anonymous_0)
FNDA:11,(anonymous_1)
FNDA:7,(anonymous_2)
FNDA:7,(anonymous_3)
FNDA:4,(anonymous_4)
FNDA:4,(anonymous_5)
FNDA:1,(anonymous_6)
FNDA:11,(anonymous_7)
FNDA:9,(anonymous_8)
FNDA:9,(anonymous_9)
DA:12,2
DA:14,2
DA:18,11
DA:19,7
DA:23,7
DA:30,4
DA:36,4
DA:42,1
DA:48,11
DA:49,11
DA:50,11
DA:51,4
DA:53,11
DA:58,9
DA:59,9
DA:64,9
DA:65,9
DA:66,9
DA:67,3
DA:68,3
DA:70,9
LF:21
LH:21
BRDA:14,0,0,2
BRDA:14,0,1,2
BRDA:67,1,0,3
BRDA:67,1,1,0
BRF:4
BRH:3
end_of_record
TN:
SF:/Users/krish/workshops/mindtree/mobx-workshop/test-config/browser-mocks.js
FN:2,(anonymous_0)
FN:6,(anonymous_1)
FN:9,(anonymous_2)
FN:12,(anonymous_3)
FNF:4
FNH:3
FNDA:3,(anonymous_0)
FNDA:2,(anonymous_1)
FNDA:7,(anonymous_2)
FNDA:0,(anonymous_3)
DA:2,3
DA:3,3
DA:5,3
DA:7,2
DA:10,7
DA:13,0
DA:19,3
LF:7
LH:6
BRDA:7,0,0,2
BRDA:7,0,1,2
BRF:2
BRH:2
end_of_record
TN:
SF:/Users/krish/workshops/mindtree/mobx-workshop/test-config/setupTests.js
FNF:0
FNH:0
DA:7,3
LF:1
LH:1
BRF:0
BRH:0
end_of_record
TN:
SF:/Users/krish/workshops/mindtree/mobx-workshop/test-config/shim.js
FN:4,(anonymous_0)
FNF:1
FNH:0
FNDA:0,(anonymous_0)
DA:4,3
DA:5,0
LF:2
LH:1
BRF:0
BRH:0
end_of_record
